1623580538294:AA
1623581209572:AddA Толстой Л.Н.
1623581235627:Add Толстой
1623581255252:AddA Толстой
1623582569889:AA
1623582573362:AG
1623582589745:AddA Блок
1623582606075:AddG Басня
1623586187314:AG
1623586190766:AA
1623586193905:AB
1623588635992:AllG
1623588648555:AG
1623588662880:AddG Басня
1623588668909:AG
1623588674603:AA
1623588698893:Add
1623588713490:AddA Крылов
1623588722920:AA
1623588783859:Add Book Мартышка_и_очки Крылов Басня
1623588881350:AddB Осень Толстой Стих
1623588903783:AB
1623589016592:AB test
1623589283438:AB ffh fdkkdffdk kfdkfdk
1623589419456:AB hhh ddd ddd
1623589529021:AddA Крылов
1623589552872:AddG Басня
1623589574270:AddB hhfghf Крылов Басня
1623589664925:AllB
1623589674417:AB
1623590008644:AddA Есенин
1623590023236:AllG
1623590035227:AG
1623590056526:AddB Берекза Есенин Поэзия
1623590080197:AB
1623645146761:AA
1623645176396:AddA Толстой
1623645188678:ФП
1623645192826:AG
1623645227748:AddB Лисица Толстой Сказка
1624255346109:AB
1624255407384:AddB Басня Крылов Басня
1624255432756:Add hhh ggg ggg
1624255445257:AddB jjjj kkkk llll
1624255562804:AddB hh kk hh
1624255711223:AllB
1624255724425:AA
1624255728304:AG
1624255732797:AB
1624255753517:AddG Басня
1624255774593:AddA Крылов
1624255799688:AddB лисица Крылов Басня
1624255816203:AddB kkk ggg ttt
1624256427103:AddB gg fff dd
1624257866261:AB
1624257880144:FB Лукоморье
1624258180704:AF Лукоморье
1624258201247:FB Лукоморье
1624258220266:DB Лукоморье
1624261438886:FB Верба
1624261468103:басня
1624261477245:FB Mfcyz
1624262596053:AB
1624262612901:FB Слепая лошадь
1624262626141:FB Верба
1624262710954:DB K
1624262726247:DB Лукоморье
1624262761513:FB Лукоморье
1624262967200:AddB Kb gfg fgg
1624263282438:AA
1624263286945:AG
1624263292255:AB
1624263326819:AddB Лисица Крылов Басня
1624263340923:FB Kbcbwf
1624263351007:FB Лисица
1624263371940:DB Верба
1624263381448:AA
1624263386750:AG
1624284782449:AA
1624284787674:AG
1624284790478:AB
1624284808427:AddG Басня
1624284836364:AddA Крылов
1624284874756:AddB Лиса Крылов Басня
1624285041527:UB Лиса Крылов Рассказ
1624286659978:AA
1624286662611:AG
1624286679920:AddB KKbcbwf Крылов Басня
1624286708332:UB 5 Лиса Крылов Басня
1624287291981:AB
1624287307550:UB 5 hhhh hhhh jjjj
1624287491628:AA
1624287494299:AG
1624287497633:AB
1624287518553:AddB Kbcb Крылов Басня
1624287539933:UB 5 Лисица Крылов Басня
1624287887748:AddB лллл лвлвл влвлвл
1624287897995:AA
1624287901658:AG
1624287911242:DB 5
1624287937177:AddA Крылов
1624288131406:AddG Басня
1624288198958:AddB Лисица Крылов Басня
1624288229022:UB 4 лукоморье Пушкин Стихи
1624288236695:AA
1624288242039:AG
1624298492234:AB
1624298515920:AddB Лисица Крылов Басня
1624298519610:ФП
1624298522192:AG
1625209347202:AA
1625209356096:AG
1625209371010:AB
1625209557296:AA
1625209561049:AG
1625209583746:AddA Крылов
1625209605867:AA
1625290401861:AG
1625290405188:AB
1625290952718:AA
1625290961040:AG
1625290966274:AB
1625291008193:AddA Крылов
1625291017389:AddG Басня
1625291067588:FB Верба
1625291726945:AA
1625291731252:AG
1625291734549:AB
1625292657395:AA
1625292659932:AB
1625293475150:AA
1625293505244:AB
1625294761294:AA
1625294797770:AddA Кр
1625294811530:AB
1625297043365:AA
1625297046464:AG
1625297049500:AB
1625297273984:AA
1625297277514:AG
1625297280790:AB
1625304858000:AA
1625304868664:AddA Крылов
1625304872792:AA
1625304881239:AG
1625304887338:AddG Басня
1625304892659:ФП
1625304895925:AG
1625304919693:AA
1625304921571:AB
1625304930058:FB Верба
1625305005988:AB
1625305026114:FB Верба
1625305118187:ФФИ
1625305120795:AB
1625305129127:FB Верао
1625305139763:FB Верба
1625305172755:DB Верба
1625305190648:AB
1625323656591:AA
1625323665533:AddA Крылов
1625323674635:AddA Крлов
1625323687987:AddA Крылов
1625323699290:ФП
1625323701802:AG
1625323711316:AddG Басня
1625323720700:AB
1625323736719:АИ Верба
1625323746431:FB Верба
1625323776655:AddB Лисица Крылов Басня
1625323808027:AddG Стихи
1625323879390:AddB тест Ушинский К.Д. Рассказ
1625323895339:AddA Ушинский
1625323911803:AddB тест Ушинский Рассказ
1625324060905:AddB nnn Ушинский Поэзия
1625325075981:AB
1625325081360:FB kkk
1625412965464:ФAB
1625412971474:AB
1625412981813:FB Верба
1625413005820:FB ggg
1625413507107:AB
1625413519422:FB Верба
1625413738246:ФAB
1625413743950:AB
1625413754883:FBВерба
1625413827525:FB Верба
1625413978719:AB
1625413988161:FB Верба
1625414017577:FB лдпа
1625414334857:AA
1625414347482:AddA Крылов
1625414353412:AB
1625414373781:AddB Лисица Крылов Басня
1625415056996:AB
1625415063568:AA
1625415065963:ФП
1625415068272:AG
1625415092546:AddB Лиса крылов басня
1625415104896:AA
1625415269558:AB
1625415292640:AddB Лиса Крылов Басня
1625415308227:AB
1625415647429:AddB книга автор жарн
1625415691910:AddB ррр ппп ввв
1625415891702:AddB
1625415902740:AddB Лисица
1625415933205:AddB лисица крылов басня
1625416039541:AddB лисица крылов бася
1625416062178:AB
1625416314815:AddB лиса крылов басня
1625416487743:AddA Крылов
1625416522616:ФФ
1625416524505:AA
1625416530205:AB
1625416944777:AddB лиса крылов басня
1625416968293:AB
1625417054474:AddA Крылов
1625417239364:AddB лиса крылов басня,рассказ
1625417303521:AB
1625417462225:AddB Лисица Крылов Басня
1625417562711:AddB лисица крылов басня
1625417828292:AddB лиса крылов басня
1625417845485:ФФ
1625417847597:AA
1625417859748:AB\\
1625417922288:AddB лисица крылов басня
1625418045444:FB Лисица
1625418246753:AddA Крылов
1625418260777:AddB Лисица Крылов Басня
1625418605235:AddB Лиса крылов басня
1625418642295:ФФФ
1625418644509:AA
1625418866348:AddB Лисица Крылов
1625418875466:AddB Лисица Крылов Басян
1625419245408:AddB Лисица Крылов Басня
1625419271008:AA
1625419664796:AddB kbcbwf Крылов Басня
1625419688986:AA
1625420030673:AddB Лисица Крылов Басян
1625420136752:AddB Лисица Крылов Басня
1625420344533:AddB лисица Крылов Басня
1625421025684:AddB Лиса Крылов Басня
1625421374584:AddB Лисица Крылов Басня
1625424897921:AddB Лисичка Крылов Басян
1625424988455:AddB лиса крылов басня
1625425184884:AddB личка крлов баясня
1625425229066:AddB лисчика Крылов Басня
1625425254884:AddB мышка Крылов,Фет Стихи
1625463073378:AddB лисичка крылов,ветров, басня, рассказ
1625463096662:AddB лисичка крылов, ветров басня
1625463125327:AddB лисичка Крылов,Ветров басня
1625463132040:AA
1625463141338:AG
1625463172622:AddB мышка Крылов,Петров Басня,Стихи
1625463183484:AA
1625463188419:AG
1625467076952:AB
1625467120283:AddC Верба -c Хорошая книга
1625467145744:AddC Верба -сХорошая
1625467183730:AddC Верьба Хорошая
1625467324477:AB
1625467356804:AddC Верба Отлично
1625467378219:AB
1625467389170:AA
1625467393675:AB
1625467872778:AddC Верба Отлично
1625468129770:AB
1625476295932:AddC Верба Отлично
1625476423390:AB
1625476437518:AddC Верба Олтично
1625476633769:AB
1625476643232:AddC Верба Отлично
1625476659464:AB
1625477100609:AddC Верба Хорошая_книга
1625477104305:ФИ
1625477112596:FB Верба
1625477127772:SC Верба
1625477396538:AddC Верба Хороша_книга
1625477404817:AB
1625477420549:FB Верба
1625477440926:SB Верба
1625477451015:SC Верба
1625477735872:AB
1625477761662:AddC Верба хорошая_книга
1625477783312:SC Верба
1625483277987:AB
1625483296036:AddB kbcbxrf Крыло Басян
1625483321115:AddC Верба {jhjifz
1625483338153:FB Верба
1625484125044:AB
1625484147247:AddC Вер
1625484166344:AddcC Верба оллалал
1625484177907:AddC Верба опопопопоп
1625484189062:FB Верба
1625484216435:SC Верба
1625484250510:AddC Верба ""
1625484266136:AddC Верба {jhjikdsf_fdgdgdhf
1625484274535:FB Верба
1625484293064:SC Верба
1625484299421:DB Верба
1625486253000:AB
1625486272487:AddC Верба "[jhjifx rjrhf"
1625486281561:FB Верба
1625486311439:AB
1625486876349:AddB Личика Крылов,Меньшов "басня с прибаутками"
1625486933408:AddC Личика "jxtym jxyЭ\n"
1625486946063:FB Личика
1625486979735:SC Личика
1625486993231:DC Личка
1625487004167:DC Личика
1625487016623:FB Личика
1625487484131:AB
1625487509058:AddC Верба "хороая интересная книга"
1625487519988:AC
1625487679315:AddC Верба "хорошая иниересная кнингаЭ\n"
1625487684650:AC
1625487713132:АИ Верба
1625487719651:FB Верба
1625487881075:DB Верба
1625487891416:AB
1625487898001:AC
1625499066966:AA
1625499073212:AG
1625499077268:AB
1625499176636:AddB "Мартышка и очки" Крылов,ррпрпр "э\n"
1625499247343:AA
1625499253447:AG
1625499281297:AddC Верба "хороша и интересая книга"
1625499288116:AC
1625499299790:DB Верба
1625499305214:AA
1625499314158:AC
1626071699995:AA
1626071705968:AG
1626071710892:AB
1626071785223:AddB "Мартышка и очки" Крылов Басня
1626071843028:UB 5 Крылоб,Иванов Басня,Стихи
1626071885007:AB
1626071929019:AddC "Мартышка и очки" "Очень поучитльная басня"
1626071950370:FB "\n"
1626071964712:FB "Мартышка и очки"
1626072132187:AB
